This file contains any messages produced by compilers while
running configure, to aid debugging if configure makes a mistake.

It was created by configure, which was
generated by GNU Autoconf 2.69.  Invocation command line was

  $ ./configure --no-create --no-recursion

## --------- ##
## Platform. ##
## --------- ##

hostname = sebastien-VirtualBox
uname -m = x86_64
uname -r = 3.8.0-34-generic
uname -s = Linux
uname -v = #49-Ubuntu SMP Tue Nov 12 18:00:10 UTC 2013

/usr/bin/uname -p = unknown
/bin/uname -X     = unknown

/bin/arch              = unknown
/usr/bin/arch -k       = unknown
/usr/convex/getsysinfo = unknown
/usr/bin/hostinfo      = unknown
/bin/machine           = unknown
/usr/bin/oslevel       = unknown
/bin/universe          = unknown

PATH: /usr/lib/lightdm/lightdm
PATH: /usr/local/sbin
PATH: /usr/local/bin
PATH: /usr/sbin
PATH: /usr/bin
PATH: /sbin
PATH: /bin
PATH: /usr/games
PATH: /usr/local/games


## ----------- ##
## Core tests. ##
## ----------- ##

configure:2829: checking for a BSD-compatible install
configure:2897: result: /usr/bin/install -c
configure:2908: checking whether build environment is sane
configure:2958: result: yes
configure:3099: checking for a thread-safe mkdir -p
configure:3138: result: /bin/mkdir -p
configure:3152: checking for gawk
configure:3182: result: no
configure:3152: checking for mawk
configure:3168: found /usr/bin/mawk
configure:3179: result: mawk
configure:3190: checking whether make sets $(MAKE)
configure:3212: result: yes
configure:3300: checking for style of include used by make
configure:3328: result: GNU
configure:3399: checking for gcc
configure:3415: found /usr/bin/gcc
configure:3426: result: gcc
configure:3655: checking for C compiler version
configure:3664: gcc --version >&5
gcc (Ubuntu/Linaro 4.7.3-1ubuntu1) 4.7.3
Copyright (C) 2012 Free Software Foundation, Inc.
This is free software; see the source for copying conditions.  There is NO
warranty; not even for MERCHANTABILITY or FITNESS FOR A PARTICULAR PURPOSE.

configure:3675: $? = 0
configure:3664: gcc -v >&5
Using built-in specs.
COLLECT_GCC=gcc
COLLECT_LTO_WRAPPER=/usr/lib/gcc/x86_64-linux-gnu/4.7/lto-wrapper
Target: x86_64-linux-gnu
Configured with: ../src/configure -v --with-pkgversion='Ubuntu/Linaro 4.7.3-1ubuntu1' --with-bugurl=file:///usr/share/doc/gcc-4.7/README.Bugs --enable-languages=c,c++,go,fortran,objc,obj-c++ --prefix=/usr --program-suffix=-4.7 --enable-shared --enable-linker-build-id --libexecdir=/usr/lib --without-included-gettext --enable-threads=posix --with-gxx-include-dir=/usr/include/c++/4.7 --libdir=/usr/lib --enable-nls --with-sysroot=/ --enable-clocale=gnu --enable-libstdcxx-debug --enable-libstdcxx-time=yes --enable-gnu-unique-object --enable-plugin --with-system-zlib --enable-objc-gc --with-cloog --enable-cloog-backend=ppl --disable-cloog-version-check --disable-ppl-version-check --enable-multiarch --disable-werror --with-arch-32=i686 --with-abi=m64 --with-multilib-list=m32,m64,mx32 --with-tune=generic --enable-checking=release --build=x86_64-linux-gnu --host=x86_64-linux-gnu --target=x86_64-linux-gnu
Thread model: posix
gcc version 4.7.3 (Ubuntu/Linaro 4.7.3-1ubuntu1) 
configure:3675: $? = 0
configure:3664: gcc -V >&5
gcc: error: unrecognized command line option '-V'
gcc: fatal error: no input files
compilation terminated.
configure:3675: $? = 4
configure:3664: gcc -qversion >&5
gcc: error: unrecognized command line option '-qversion'
gcc: fatal error: no input files
compilation terminated.
configure:3675: $? = 4
configure:3695: checking whether the C compiler works
configure:3717: gcc    conftest.c  >&5
configure:3721: $? = 0
configure:3769: result: yes
configure:3772: checking for C compiler default output file name
configure:3774: result: a.out
configure:3780: checking for suffix of executables
configure:3787: gcc -o conftest    conftest.c  >&5
configure:3791: $? = 0
configure:3813: result: 
configure:3835: checking whether we are cross compiling
configure:3843: gcc -o conftest    conftest.c  >&5
configure:3847: $? = 0
configure:3854: ./conftest
configure:3858: $? = 0
configure:3873: result: no
configure:3878: checking for suffix of object files
configure:3900: gcc -c   conftest.c >&5
configure:3904: $? = 0
configure:3925: result: o
configure:3929: checking whether we are using the GNU C compiler
configure:3948: gcc -c   conftest.c >&5
configure:3948: $? = 0
configure:3957: result: yes
configure:3966: checking whether gcc accepts -g
configure:3986: gcc -c -g  conftest.c >&5
configure:3986: $? = 0
configure:4027: result: yes
configure:4044: checking for gcc option to accept ISO C89
configure:4107: gcc  -c -g -O2  conftest.c >&5
configure:4107: $? = 0
configure:4120: result: none needed
configure:4142: checking dependency style of gcc
configure:4253: result: gcc3
configure:4272: checking for gcc option to accept ISO C99
configure:4421: gcc  -c -g -O2  conftest.c >&5
conftest.c:59:29: error: expected ';', ',' or ')' before 'text'
conftest.c: In function 'main':
conftest.c:113:18: error: expected '=', ',', ';', 'asm' or '__attribute__' before 'newvar'
conftest.c:113:18: error: 'newvar' undeclared (first use in this function)
conftest.c:113:18: note: each undeclared identifier is reported only once for each function it appears in
conftest.c:123:3: error: 'for' loop initial declarations are only allowed in C99 mode
conftest.c:123:3: note: use option -std=c99 or -std=gnu99 to compile your code
configure:4421: $? = 1
configure: failed program was:
| /* confdefs.h */
| #define PACKAGE_NAME ""
| #define PACKAGE_TARNAME ""
| #define PACKAGE_VERSION ""
| #define PACKAGE_STRING ""
| #define PACKAGE_BUGREPORT ""
| #define PACKAGE_URL ""
| /* end confdefs.h.  */
| #include <stdarg.h>
| #include <stdbool.h>
| #include <stdlib.h>
| #include <wchar.h>
| #include <stdio.h>
| 
| // Check varargs macros.  These examples are taken from C99 6.10.3.5.
| #define debug(...) fprintf (stderr, __VA_ARGS__)
| #define showlist(...) puts (#__VA_ARGS__)
| #define report(test,...) ((test) ? puts (#test) : printf (__VA_ARGS__))
| static void
| test_varargs_macros (void)
| {
|   int x = 1234;
|   int y = 5678;
|   debug ("Flag");
|   debug ("X = %d\n", x);
|   showlist (The first, second, and third items.);
|   report (x>y, "x is %d but y is %d", x, y);
| }
| 
| // Check long long types.
| #define BIG64 18446744073709551615ull
| #define BIG32 4294967295ul
| #define BIG_OK (BIG64 / BIG32 == 4294967297ull && BIG64 % BIG32 == 0)
| #if !BIG_OK
|   your preprocessor is broken;
| #endif
| #if BIG_OK
| #else
|   your preprocessor is broken;
| #endif
| static long long int bignum = -9223372036854775807LL;
| static unsigned long long int ubignum = BIG64;
| 
| struct incomplete_array
| {
|   int datasize;
|   double data[];
| };
| 
| struct named_init {
|   int number;
|   const wchar_t *name;
|   double average;
| };
| 
| typedef const char *ccp;
| 
| static inline int
| test_restrict (ccp restrict text)
| {
|   // See if C++-style comments work.
|   // Iterate through items via the restricted pointer.
|   // Also check for declarations in for loops.
|   for (unsigned int i = 0; *(text+i) != '\0'; ++i)
|     continue;
|   return 0;
| }
| 
| // Check varargs and va_copy.
| static void
| test_varargs (const char *format, ...)
| {
|   va_list args;
|   va_start (args, format);
|   va_list args_copy;
|   va_copy (args_copy, args);
| 
|   const char *str;
|   int number;
|   float fnumber;
| 
|   while (*format)
|     {
|       switch (*format++)
| 	{
| 	case 's': // string
| 	  str = va_arg (args_copy, const char *);
| 	  break;
| 	case 'd': // int
| 	  number = va_arg (args_copy, int);
| 	  break;
| 	case 'f': // float
| 	  fnumber = va_arg (args_copy, double);
| 	  break;
| 	default:
| 	  break;
| 	}
|     }
|   va_end (args_copy);
|   va_end (args);
| }
| 
| int
| main ()
| {
| 
|   // Check bool.
|   _Bool success = false;
| 
|   // Check restrict.
|   if (test_restrict ("String literal") == 0)
|     success = true;
|   char *restrict newvar = "Another string";
| 
|   // Check varargs.
|   test_varargs ("s, d' f .", "string", 65, 34.234);
|   test_varargs_macros ();
| 
|   // Check flexible array members.
|   struct incomplete_array *ia =
|     malloc (sizeof (struct incomplete_array) + (sizeof (double) * 10));
|   ia->datasize = 10;
|   for (int i = 0; i < ia->datasize; ++i)
|     ia->data[i] = i * 1.234;
| 
|   // Check named initializers.
|   struct named_init ni = {
|     .number = 34,
|     .name = L"Test wide string",
|     .average = 543.34343,
|   };
| 
|   ni.number = 58;
| 
|   int dynamic_array[ni.number];
|   dynamic_array[ni.number - 1] = 543;
| 
|   // work around unused variable warnings
|   return (!success || bignum == 0LL || ubignum == 0uLL || newvar[0] == 'x'
| 	  || dynamic_array[ni.number - 1] != 543);
| 
|   ;
|   return 0;
| }
configure:4421: gcc -std=gnu99 -c -g -O2  conftest.c >&5
configure:4421: $? = 0
configure:4441: result: -std=gnu99
configure:4542: checking for gcc -std=gnu99 option to accept ISO Standard C
configure:4556: result: -std=gnu99
configure:4569: checking how to run the C preprocessor
configure:4600: gcc -std=gnu99 -E  conftest.c
configure:4600: $? = 0
configure:4614: gcc -std=gnu99 -E  conftest.c
conftest.c:9:28: fatal error: ac_nonexistent.h: No such file or directory
compilation terminated.
configure:4614: $? = 1
configure: failed program was:
| /* confdefs.h */
| #define PACKAGE_NAME ""
| #define PACKAGE_TARNAME ""
| #define PACKAGE_VERSION ""
| #define PACKAGE_STRING ""
| #define PACKAGE_BUGREPORT ""
| #define PACKAGE_URL ""
| /* end confdefs.h.  */
| #include <ac_nonexistent.h>
configure:4639: result: gcc -std=gnu99 -E
configure:4659: gcc -std=gnu99 -E  conftest.c
configure:4659: $? = 0
configure:4673: gcc -std=gnu99 -E  conftest.c
conftest.c:9:28: fatal error: ac_nonexistent.h: No such file or directory
compilation terminated.
configure:4673: $? = 1
configure: failed program was:
| /* confdefs.h */
| #define PACKAGE_NAME ""
| #define PACKAGE_TARNAME ""
| #define PACKAGE_VERSION ""
| #define PACKAGE_STRING ""
| #define PACKAGE_BUGREPORT ""
| #define PACKAGE_URL ""
| /* end confdefs.h.  */
| #include <ac_nonexistent.h>
configure:4702: checking for grep that handles long lines and -e
configure:4760: result: /bin/grep
configure:4765: checking for egrep
configure:4827: result: /bin/grep -E
configure:4834: checking for Minix Amsterdam compiler
configure:4858: result: no
configure:4910: checking for ar
configure:4926: found /usr/bin/ar
configure:4937: result: ar
configure:5017: checking for ranlib
configure:5033: found /usr/bin/ranlib
configure:5044: result: ranlib
configure:5074: checking build system type
configure:5088: result: x86_64-unknown-linux-gnu
configure:5108: checking host system type
configure:5121: result: x86_64-unknown-linux-gnu
configure:5141: checking for ANSI C header files
configure:5161: gcc -std=gnu99 -c -g -O2  conftest.c >&5
configure:5161: $? = 0
configure:5234: gcc -std=gnu99 -o conftest -g -O2   conftest.c  >&5
configure:5234: $? = 0
configure:5234: ./conftest
configure:5234: $? = 0
configure:5245: result: yes
configure:5258: checking for sys/types.h
configure:5258: gcc -std=gnu99 -c -g -O2  conftest.c >&5
configure:5258: $? = 0
configure:5258: result: yes
configure:5258: checking for sys/stat.h
configure:5258: gcc -std=gnu99 -c -g -O2  conftest.c >&5
configure:5258: $? = 0
configure:5258: result: yes
configure:5258: checking for stdlib.h
configure:5258: gcc -std=gnu99 -c -g -O2  conftest.c >&5
configure:5258: $? = 0
configure:5258: result: yes
configure:5258: checking for string.h
configure:5258: gcc -std=gnu99 -c -g -O2  conftest.c >&5
configure:5258: $? = 0
configure:5258: result: yes
configure:5258: checking for memory.h
configure:5258: gcc -std=gnu99 -c -g -O2  conftest.c >&5
configure:5258: $? = 0
configure:5258: result: yes
configure:5258: checking for strings.h
configure:5258: gcc -std=gnu99 -c -g -O2  conftest.c >&5
configure:5258: $? = 0
configure:5258: result: yes
configure:5258: checking for inttypes.h
configure:5258: gcc -std=gnu99 -c -g -O2  conftest.c >&5
configure:5258: $? = 0
configure:5258: result: yes
configure:5258: checking for stdint.h
configure:5258: gcc -std=gnu99 -c -g -O2  conftest.c >&5
configure:5258: $? = 0
configure:5258: result: yes
configure:5258: checking for unistd.h
configure:5258: gcc -std=gnu99 -c -g -O2  conftest.c >&5
configure:5258: $? = 0
configure:5258: result: yes
configure:5273: checking minix/config.h usability
configure:5273: gcc -std=gnu99 -c -g -O2  conftest.c >&5
conftest.c:52:26: fatal error: minix/config.h: No such file or directory
compilation terminated.
configure:5273: $? = 1
configure: failed program was:
| /* confdefs.h */
| #define PACKAGE_NAME ""
| #define PACKAGE_TARNAME ""
| #define PACKAGE_VERSION ""
| #define PACKAGE_STRING ""
| #define PACKAGE_BUGREPORT ""
| #define PACKAGE_URL ""
| #define STDC_HEADERS 1
| #define HAVE_SYS_TYPES_H 1
| #define HAVE_SYS_STAT_H 1
| #define HAVE_STDLIB_H 1
| #define HAVE_STRING_H 1
| #define HAVE_MEMORY_H 1
| #define HAVE_STRINGS_H 1
| #define HAVE_INTTYPES_H 1
| #define HAVE_STDINT_H 1
| #define HAVE_UNISTD_H 1
| /* end confdefs.h.  */
| #include <stdio.h>
| #ifdef HAVE_SYS_TYPES_H
| # include <sys/types.h>
| #endif
| #ifdef HAVE_SYS_STAT_H
| # include <sys/stat.h>
| #endif
| #ifdef STDC_HEADERS
| # include <stdlib.h>
| # include <stddef.h>
| #else
| # ifdef HAVE_STDLIB_H
| #  include <stdlib.h>
| # endif
| #endif
| #ifdef HAVE_STRING_H
| # if !defined STDC_HEADERS && defined HAVE_MEMORY_H
| #  include <memory.h>
| # endif
| # include <string.h>
| #endif
| #ifdef HAVE_STRINGS_H
| # include <strings.h>
| #endif
| #ifdef HAVE_INTTYPES_H
| # include <inttypes.h>
| #endif
| #ifdef HAVE_STDINT_H
| # include <stdint.h>
| #endif
| #ifdef HAVE_UNISTD_H
| # include <unistd.h>
| #endif
| #include <minix/config.h>
configure:5273: result: no
configure:5273: checking minix/config.h presence
configure:5273: gcc -std=gnu99 -E  conftest.c
conftest.c:19:26: fatal error: minix/config.h: No such file or directory
compilation terminated.
configure:5273: $? = 1
configure: failed program was:
| /* confdefs.h */
| #define PACKAGE_NAME ""
| #define PACKAGE_TARNAME ""
| #define PACKAGE_VERSION ""
| #define PACKAGE_STRING ""
| #define PACKAGE_BUGREPORT ""
| #define PACKAGE_URL ""
| #define STDC_HEADERS 1
| #define HAVE_SYS_TYPES_H 1
| #define HAVE_SYS_STAT_H 1
| #define HAVE_STDLIB_H 1
| #define HAVE_STRING_H 1
| #define HAVE_MEMORY_H 1
| #define HAVE_STRINGS_H 1
| #define HAVE_INTTYPES_H 1
| #define HAVE_STDINT_H 1
| #define HAVE_UNISTD_H 1
| /* end confdefs.h.  */
| #include <minix/config.h>
configure:5273: result: no
configure:5273: checking for minix/config.h
configure:5273: result: no
configure:5302: checking whether it is safe to define __EXTENSIONS__
configure:5320: gcc -std=gnu99 -c -g -O2  conftest.c >&5
configure:5320: $? = 0
configure:5327: result: yes
configure:5381: checking for SDL_Init in -lSDL
configure:5406: gcc -std=gnu99 -o conftest -g -O2   conftest.c -lSDL   >&5
configure:5406: $? = 0
configure:5415: result: yes
configure:5428: checking for IMG_Load in -lSDL_image
configure:5453: gcc -std=gnu99 -o conftest -g -O2   conftest.c -lSDL_image  -lSDL  >&5
configure:5453: $? = 0
configure:5462: result: yes
configure:5475: checking for scm_init_guile in -lguile
configure:5500: gcc -std=gnu99 -o conftest -g -O2   conftest.c -lguile  -lSDL_image -lSDL  >&5
configure:5500: $? = 0
configure:5509: result: yes
configure:5522: checking for TTF_FontHeight in -lSDL_ttf
configure:5547: gcc -std=gnu99 -o conftest -g -O2   conftest.c -lSDL_ttf  -lguile -lSDL_image -lSDL  >&5
configure:5547: $? = 0
configure:5556: result: yes
configure:5580: checking whether the preprocessor supports include_next
configure:5618: gcc -std=gnu99 -c -g -O2  -Iconftestd1b -Iconftestd2 conftest.c >&5
configure:5618: $? = 0
configure:5639: result: yes
configure:5660: checking whether system header files limit the line length
configure:5683: result: no
configure:5694: checking for complete errno.h
configure:5755: result: yes
configure:6052: checking whether strerror_r is declared
configure:6052: gcc -std=gnu99 -c -g -O2  conftest.c >&5
configure:6052: $? = 0
configure:6052: result: yes
configure:6065: checking for strerror_r
configure:6065: gcc -std=gnu99 -o conftest -g -O2   conftest.c -lSDL_ttf -lguile -lSDL_image -lSDL  >&5
configure:6065: $? = 0
configure:6065: result: yes
configure:6074: checking whether strerror_r returns char *
configure:6098: gcc -std=gnu99 -c -g -O2  conftest.c >&5
configure:6098: $? = 0
configure:6136: result: yes
configure:6144: checking for inline
configure:6160: gcc -std=gnu99 -c -g -O2  conftest.c >&5
configure:6160: $? = 0
configure:6168: result: inline
configure:6196: checking for _set_invalid_parameter_handler
configure:6196: gcc -std=gnu99 -o conftest -g -O2   conftest.c -lSDL_ttf -lguile -lSDL_image -lSDL  >&5
/tmp/ccEUD0UY.o: In function `main':
/home/sebastien/project/gnu/rpge/source/rpge/conftest.c:66: undefined reference to `_set_invalid_parameter_handler'
collect2: error: ld returned 1 exit status
configure:6196: $? = 1
configure: failed program was:
| /* confdefs.h */
| #define PACKAGE_NAME ""
| #define PACKAGE_TARNAME ""
| #define PACKAGE_VERSION ""
| #define PACKAGE_STRING ""
| #define PACKAGE_BUGREPORT ""
| #define PACKAGE_URL ""
| #define STDC_HEADERS 1
| #define HAVE_SYS_TYPES_H 1
| #define HAVE_SYS_STAT_H 1
| #define HAVE_STDLIB_H 1
| #define HAVE_STRING_H 1
| #define HAVE_MEMORY_H 1
| #define HAVE_STRINGS_H 1
| #define HAVE_INTTYPES_H 1
| #define HAVE_STDINT_H 1
| #define HAVE_UNISTD_H 1
| #define __EXTENSIONS__ 1
| #define _ALL_SOURCE 1
| #define _DARWIN_C_SOURCE 1
| #define _GNU_SOURCE 1
| #define _POSIX_PTHREAD_SEMANTICS 1
| #define _TANDEM_SOURCE 1
| #define HAVE_LIBSDL 1
| #define HAVE_LIBSDL_IMAGE 1
| #define HAVE_LIBGUILE 1
| #define HAVE_LIBSDL_TTF 1
| #define HAVE_DECL_STRERROR_R 1
| #define HAVE_STRERROR_R 1
| #define STRERROR_R_CHAR_P 1
| /* end confdefs.h.  */
| /* Define _set_invalid_parameter_handler to an innocuous variant, in case <limits.h> declares _set_invalid_parameter_handler.
|    For example, HP-UX 11i <limits.h> declares gettimeofday.  */
| #define _set_invalid_parameter_handler innocuous__set_invalid_parameter_handler
| 
| /* System header to define __stub macros and hopefully few prototypes,
|     which can conflict with char _set_invalid_parameter_handler (); below.
|     Prefer <limits.h> to <assert.h> if __STDC__ is defined, since
|     <limits.h> exists even on freestanding compilers.  */
| 
| #ifdef __STDC__
| # include <limits.h>
| #else
| # include <assert.h>
| #endif
| 
| #undef _set_invalid_parameter_handler
| 
| /* Override any GCC internal prototype to avoid an error.
|    Use char because int might match the return type of a GCC
|    builtin and then its argument prototype would still apply.  */
| #ifdef __cplusplus
| extern "C"
| #endif
| char _set_invalid_parameter_handler ();
| /* The GNU C library defines this for functions which it implements
|     to always fail with ENOSYS.  Some functions are actually named
|     something starting with __ and the normal name is an alias.  */
| #if defined __stub__set_invalid_parameter_handler || defined __stub____set_invalid_parameter_handler
| choke me
| #endif
| 
| int
| main ()
| {
| return _set_invalid_parameter_handler ();
|   ;
|   return 0;
| }
configure:6196: result: no
configure:6214: checking for wchar_t
configure:6231: gcc -std=gnu99 -c -g -O2  conftest.c >&5
configure:6231: $? = 0
configure:6238: result: yes
configure:6398: checking whether strerror(0) succeeds
configure:6427: gcc -std=gnu99 -o conftest -g -O2   conftest.c -lSDL_ttf -lguile -lSDL_image -lSDL  >&5
configure:6427: $? = 0
configure:6427: ./conftest
configure:6427: $? = 0
configure:6438: result: yes
configure:6576: checking sys/socket.h usability
configure:6576: gcc -std=gnu99 -c -g -O2  conftest.c >&5
configure:6576: $? = 0
configure:6576: result: yes
configure:6576: checking sys/socket.h presence
configure:6576: gcc -std=gnu99 -E  conftest.c
configure:6576: $? = 0
configure:6576: result: yes
configure:6576: checking for sys/socket.h
configure:6576: result: yes
configure:6576: checking for unistd.h
configure:6576: result: yes
configure:6590: checking for C/C++ restrict keyword
configure:6615: gcc -std=gnu99 -c -g -O2  conftest.c >&5
configure:6615: $? = 0
configure:6623: result: __restrict
configure:6710: checking whether ffsl is declared without a macro
configure:6728: gcc -std=gnu99 -c -g -O2  conftest.c >&5
configure:6728: $? = 0
configure:6736: result: yes
configure:6710: checking whether ffsll is declared without a macro
configure:6728: gcc -std=gnu99 -c -g -O2  conftest.c >&5
configure:6728: $? = 0
configure:6736: result: yes
configure:6710: checking whether memmem is declared without a macro
configure:6728: gcc -std=gnu99 -c -g -O2  conftest.c >&5
configure:6728: $? = 0
configure:6736: result: yes
configure:6710: checking whether mempcpy is declared without a macro
configure:6728: gcc -std=gnu99 -c -g -O2  conftest.c >&5
configure:6728: $? = 0
configure:6736: result: yes
configure:6710: checking whether memrchr is declared without a macro
configure:6728: gcc -std=gnu99 -c -g -O2  conftest.c >&5
configure:6728: $? = 0
configure:6736: result: yes
configure:6710: checking whether rawmemchr is declared without a macro
configure:6728: gcc -std=gnu99 -c -g -O2  conftest.c >&5
configure:6728: $? = 0
configure:6736: result: yes
configure:6710: checking whether stpcpy is declared without a macro
configure:6728: gcc -std=gnu99 -c -g -O2  conftest.c >&5
configure:6728: $? = 0
configure:6736: result: yes
configure:6710: checking whether stpncpy is declared without a macro
configure:6728: gcc -std=gnu99 -c -g -O2  conftest.c >&5
configure:6728: $? = 0
configure:6736: result: yes
configure:6710: checking whether strchrnul is declared without a macro
configure:6728: gcc -std=gnu99 -c -g -O2  conftest.c >&5
configure:6728: $? = 0
configure:6736: result: yes
configure:6710: checking whether strdup is declared without a macro
configure:6728: gcc -std=gnu99 -c -g -O2  conftest.c >&5
configure:6728: $? = 0
configure:6736: result: yes
configure:6710: checking whether strncat is declared without a macro
configure:6728: gcc -std=gnu99 -c -g -O2  conftest.c >&5
configure:6728: $? = 0
configure:6736: result: yes
configure:6710: checking whether strndup is declared without a macro
configure:6728: gcc -std=gnu99 -c -g -O2  conftest.c >&5
configure:6728: $? = 0
configure:6736: result: yes
configure:6710: checking whether strnlen is declared without a macro
configure:6728: gcc -std=gnu99 -c -g -O2  conftest.c >&5
configure:6728: $? = 0
configure:6736: result: yes
configure:6710: checking whether strpbrk is declared without a macro
configure:6728: gcc -std=gnu99 -c -g -O2  conftest.c >&5
configure:6728: $? = 0
configure:6736: result: yes
configure:6710: checking whether strsep is declared without a macro
configure:6728: gcc -std=gnu99 -c -g -O2  conftest.c >&5
configure:6728: $? = 0
configure:6736: result: yes
configure:6710: checking whether strcasestr is declared without a macro
configure:6728: gcc -std=gnu99 -c -g -O2  conftest.c >&5
configure:6728: $? = 0
configure:6736: result: yes
configure:6710: checking whether strtok_r is declared without a macro
configure:6728: gcc -std=gnu99 -c -g -O2  conftest.c >&5
configure:6728: $? = 0
configure:6736: result: yes
configure:6710: checking whether strerror_r is declared without a macro
configure:6728: gcc -std=gnu99 -c -g -O2  conftest.c >&5
configure:6728: $? = 0
configure:6736: result: yes
configure:6710: checking whether strsignal is declared without a macro
configure:6728: gcc -std=gnu99 -c -g -O2  conftest.c >&5
configure:6728: $? = 0
configure:6736: result: yes
configure:6710: checking whether strverscmp is declared without a macro
configure:6728: gcc -std=gnu99 -c -g -O2  conftest.c >&5
configure:6728: $? = 0
configure:6736: result: yes
configure:6753: checking for pid_t
configure:6753: gcc -std=gnu99 -c -g -O2  conftest.c >&5
configure:6753: $? = 0
configure:6753: gcc -std=gnu99 -c -g -O2  conftest.c >&5
conftest.c: In function 'main':
conftest.c:92:20: error: expected expression before ')' token
configure:6753: $? = 1
configure: failed program was:
| /* confdefs.h */
| #define PACKAGE_NAME ""
| #define PACKAGE_TARNAME ""
| #define PACKAGE_VERSION ""
| #define PACKAGE_STRING ""
| #define PACKAGE_BUGREPORT ""
| #define PACKAGE_URL ""
| #define STDC_HEADERS 1
| #define HAVE_SYS_TYPES_H 1
| #define HAVE_SYS_STAT_H 1
| #define HAVE_STDLIB_H 1
| #define HAVE_STRING_H 1
| #define HAVE_MEMORY_H 1
| #define HAVE_STRINGS_H 1
| #define HAVE_INTTYPES_H 1
| #define HAVE_STDINT_H 1
| #define HAVE_UNISTD_H 1
| #define __EXTENSIONS__ 1
| #define _ALL_SOURCE 1
| #define _DARWIN_C_SOURCE 1
| #define _GNU_SOURCE 1
| #define _POSIX_PTHREAD_SEMANTICS 1
| #define _TANDEM_SOURCE 1
| #define HAVE_LIBSDL 1
| #define HAVE_LIBSDL_IMAGE 1
| #define HAVE_LIBGUILE 1
| #define HAVE_LIBSDL_TTF 1
| #define HAVE_DECL_STRERROR_R 1
| #define HAVE_STRERROR_R 1
| #define STRERROR_R_CHAR_P 1
| #define HAVE_WCHAR_T 1
| #define HAVE_SYS_SOCKET_H 1
| #define HAVE_UNISTD_H 1
| #define restrict __restrict
| #define HAVE_RAW_DECL_FFSL 1
| #define HAVE_RAW_DECL_FFSLL 1
| #define HAVE_RAW_DECL_MEMMEM 1
| #define HAVE_RAW_DECL_MEMPCPY 1
| #define HAVE_RAW_DECL_MEMRCHR 1
| #define HAVE_RAW_DECL_RAWMEMCHR 1
| #define HAVE_RAW_DECL_STPCPY 1
| #define HAVE_RAW_DECL_STPNCPY 1
| #define HAVE_RAW_DECL_STRCHRNUL 1
| #define HAVE_RAW_DECL_STRDUP 1
| #define HAVE_RAW_DECL_STRNCAT 1
| #define HAVE_RAW_DECL_STRNDUP 1
| #define HAVE_RAW_DECL_STRNLEN 1
| #define HAVE_RAW_DECL_STRPBRK 1
| #define HAVE_RAW_DECL_STRSEP 1
| #define HAVE_RAW_DECL_STRCASESTR 1
| #define HAVE_RAW_DECL_STRTOK_R 1
| #define HAVE_RAW_DECL_STRERROR_R 1
| #define HAVE_RAW_DECL_STRSIGNAL 1
| #define HAVE_RAW_DECL_STRVERSCMP 1
| /* end confdefs.h.  */
| #include <stdio.h>
| #ifdef HAVE_SYS_TYPES_H
| # include <sys/types.h>
| #endif
| #ifdef HAVE_SYS_STAT_H
| # include <sys/stat.h>
| #endif
| #ifdef STDC_HEADERS
| # include <stdlib.h>
| # include <stddef.h>
| #else
| # ifdef HAVE_STDLIB_H
| #  include <stdlib.h>
| # endif
| #endif
| #ifdef HAVE_STRING_H
| # if !defined STDC_HEADERS && defined HAVE_MEMORY_H
| #  include <memory.h>
| # endif
| # include <string.h>
| #endif
| #ifdef HAVE_STRINGS_H
| # include <strings.h>
| #endif
| #ifdef HAVE_INTTYPES_H
| # include <inttypes.h>
| #endif
| #ifdef HAVE_STDINT_H
| # include <stdint.h>
| #endif
| #ifdef HAVE_UNISTD_H
| # include <unistd.h>
| #endif
| int
| main ()
| {
| if (sizeof ((pid_t)))
| 	    return 0;
|   ;
|   return 0;
| }
configure:6753: result: yes
configure:6789: checking for error_at_line
configure:6805: gcc -std=gnu99 -o conftest -g -O2   conftest.c -lSDL_ttf -lguile -lSDL_image -lSDL  >&5
configure:6805: $? = 0
configure:6813: result: yes
configure:6845: checking whether the compiler generally respects inline
configure:6866: gcc -std=gnu99 -c -g -O2  conftest.c >&5
configure:6866: $? = 0
configure:6875: result: yes
configure:6929: checking for ssize_t
configure:6946: gcc -std=gnu99 -c -g -O2  conftest.c >&5
configure:6946: $? = 0
configure:6953: result: yes
configure:6969: checking whether NULL can be used in arbitrary expressions
configure:6987: gcc -std=gnu99 -c -g -O2  conftest.c >&5
configure:6987: $? = 0
configure:6994: result: yes
configure:7152: checking whether _Exit is declared without a macro
configure:7176: gcc -std=gnu99 -c -g -O2  conftest.c >&5
configure:7176: $? = 0
configure:7184: result: yes
configure:7152: checking whether atoll is declared without a macro
configure:7176: gcc -std=gnu99 -c -g -O2  conftest.c >&5
configure:7176: $? = 0
configure:7184: result: yes
configure:7152: checking whether canonicalize_file_name is declared without a macro
configure:7176: gcc -std=gnu99 -c -g -O2  conftest.c >&5
configure:7176: $? = 0
configure:7184: result: yes
configure:7152: checking whether getloadavg is declared without a macro
configure:7176: gcc -std=gnu99 -c -g -O2  conftest.c >&5
configure:7176: $? = 0
configure:7184: result: yes
configure:7152: checking whether getsubopt is declared without a macro
configure:7176: gcc -std=gnu99 -c -g -O2  conftest.c >&5
configure:7176: $? = 0
configure:7184: result: yes
configure:7152: checking whether grantpt is declared without a macro
configure:7176: gcc -std=gnu99 -c -g -O2  conftest.c >&5
configure:7176: $? = 0
configure:7184: result: yes
configure:7152: checking whether initstate is declared without a macro
configure:7176: gcc -std=gnu99 -c -g -O2  conftest.c >&5
configure:7176: $? = 0
configure:7184: result: yes
configure:7152: checking whether initstate_r is declared without a macro
configure:7176: gcc -std=gnu99 -c -g -O2  conftest.c >&5
configure:7176: $? = 0
configure:7184: result: yes
configure:7152: checking whether mkdtemp is declared without a macro
configure:7176: gcc -std=gnu99 -c -g -O2  conftest.c >&5
configure:7176: $? = 0
configure:7184: result: yes
configure:7152: checking whether mkostemp is declared without a macro
configure:7176: gcc -std=gnu99 -c -g -O2  conftest.c >&5
configure:7176: $? = 0
configure:7184: result: yes
configure:7152: checking whether mkostemps is declared without a macro
configure:7176: gcc -std=gnu99 -c -g -O2  conftest.c >&5
configure:7176: $? = 0
configure:7184: result: yes
configure:7152: checking whether mkstemp is declared without a macro
configure:7176: gcc -std=gnu99 -c -g -O2  conftest.c >&5
configure:7176: $? = 0
configure:7184: result: yes
configure:7152: checking whether mkstemps is declared without a macro
configure:7176: gcc -std=gnu99 -c -g -O2  conftest.c >&5
configure:7176: $? = 0
configure:7184: result: yes
configure:7152: checking whether posix_openpt is declared without a macro
configure:7176: gcc -std=gnu99 -c -g -O2  conftest.c >&5
configure:7176: $? = 0
configure:7184: result: yes
configure:7152: checking whether ptsname is declared without a macro
configure:7176: gcc -std=gnu99 -c -g -O2  conftest.c >&5
configure:7176: $? = 0
configure:7184: result: yes
configure:7152: checking whether ptsname_r is declared without a macro
configure:7176: gcc -std=gnu99 -c -g -O2  conftest.c >&5
configure:7176: $? = 0
configure:7184: result: yes
configure:7152: checking whether random is declared without a macro
configure:7176: gcc -std=gnu99 -c -g -O2  conftest.c >&5
configure:7176: $? = 0
configure:7184: result: yes
configure:7152: checking whether random_r is declared without a macro
configure:7176: gcc -std=gnu99 -c -g -O2  conftest.c >&5
configure:7176: $? = 0
configure:7184: result: yes
configure:7152: checking whether realpath is declared without a macro
configure:7176: gcc -std=gnu99 -c -g -O2  conftest.c >&5
configure:7176: $? = 0
configure:7184: result: yes
configure:7152: checking whether rpmatch is declared without a macro
configure:7176: gcc -std=gnu99 -c -g -O2  conftest.c >&5
configure:7176: $? = 0
configure:7184: result: yes
configure:7152: checking whether setenv is declared without a macro
configure:7176: gcc -std=gnu99 -c -g -O2  conftest.c >&5
configure:7176: $? = 0
configure:7184: result: yes
configure:7152: checking whether setstate is declared without a macro
configure:7176: gcc -std=gnu99 -c -g -O2  conftest.c >&5
configure:7176: $? = 0
configure:7184: result: yes
configure:7152: checking whether setstate_r is declared without a macro
configure:7176: gcc -std=gnu99 -c -g -O2  conftest.c >&5
configure:7176: $? = 0
configure:7184: result: yes
configure:7152: checking whether srandom is declared without a macro
configure:7176: gcc -std=gnu99 -c -g -O2  conftest.c >&5
configure:7176: $? = 0
configure:7184: result: yes
configure:7152: checking whether srandom_r is declared without a macro
configure:7176: gcc -std=gnu99 -c -g -O2  conftest.c >&5
configure:7176: $? = 0
configure:7184: result: yes
configure:7152: checking whether strtod is declared without a macro
configure:7176: gcc -std=gnu99 -c -g -O2  conftest.c >&5
configure:7176: $? = 0
configure:7184: result: yes
configure:7152: checking whether strtoll is declared without a macro
configure:7176: gcc -std=gnu99 -c -g -O2  conftest.c >&5
configure:7176: $? = 0
configure:7184: result: yes
configure:7152: checking whether strtoull is declared without a macro
configure:7176: gcc -std=gnu99 -c -g -O2  conftest.c >&5
configure:7176: $? = 0
configure:7184: result: yes
configure:7152: checking whether unlockpt is declared without a macro
configure:7176: gcc -std=gnu99 -c -g -O2  conftest.c >&5
configure:7176: $? = 0
configure:7184: result: yes
configure:7152: checking whether unsetenv is declared without a macro
configure:7176: gcc -std=gnu99 -c -g -O2  conftest.c >&5
configure:7176: $? = 0
configure:7184: result: yes
configure:7202: checking for working strerror function
configure:7222: gcc -std=gnu99 -o conftest -g -O2   conftest.c -lSDL_ttf -lguile -lSDL_image -lSDL  >&5
configure:7222: $? = 0
configure:7222: ./conftest
configure:7222: $? = 0
configure:7233: result: yes
configure:7423: checking whether chdir is declared without a macro
configure:7453: gcc -std=gnu99 -c -g -O2  conftest.c >&5
configure:7453: $? = 0
configure:7461: result: yes
configure:7423: checking whether chown is declared without a macro
configure:7453: gcc -std=gnu99 -c -g -O2  conftest.c >&5
configure:7453: $? = 0
configure:7461: result: yes
configure:7423: checking whether dup is declared without a macro
configure:7453: gcc -std=gnu99 -c -g -O2  conftest.c >&5
configure:7453: $? = 0
configure:7461: result: yes
configure:7423: checking whether dup2 is declared without a macro
configure:7453: gcc -std=gnu99 -c -g -O2  conftest.c >&5
configure:7453: $? = 0
configure:7461: result: yes
configure:7423: checking whether dup3 is declared without a macro
configure:7453: gcc -std=gnu99 -c -g -O2  conftest.c >&5
configure:7453: $? = 0
configure:7461: result: yes
configure:7423: checking whether environ is declared without a macro
configure:7453: gcc -std=gnu99 -c -g -O2  conftest.c >&5
configure:7453: $? = 0
configure:7461: result: yes
configure:7423: checking whether euidaccess is declared without a macro
configure:7453: gcc -std=gnu99 -c -g -O2  conftest.c >&5
configure:7453: $? = 0
configure:7461: result: yes
configure:7423: checking whether faccessat is declared without a macro
configure:7453: gcc -std=gnu99 -c -g -O2  conftest.c >&5
configure:7453: $? = 0
configure:7461: result: yes
configure:7423: checking whether fchdir is declared without a macro
configure:7453: gcc -std=gnu99 -c -g -O2  conftest.c >&5
configure:7453: $? = 0
configure:7461: result: yes
configure:7423: checking whether fchownat is declared without a macro
configure:7453: gcc -std=gnu99 -c -g -O2  conftest.c >&5
configure:7453: $? = 0
configure:7461: result: yes
configure:7423: checking whether fdatasync is declared without a macro
configure:7453: gcc -std=gnu99 -c -g -O2  conftest.c >&5
configure:7453: $? = 0
configure:7461: result: yes
configure:7423: checking whether fsync is declared without a macro
configure:7453: gcc -std=gnu99 -c -g -O2  conftest.c >&5
configure:7453: $? = 0
configure:7461: result: yes
configure:7423: checking whether ftruncate is declared without a macro
configure:7453: gcc -std=gnu99 -c -g -O2  conftest.c >&5
configure:7453: $? = 0
configure:7461: result: yes
configure:7423: checking whether getcwd is declared without a macro
configure:7453: gcc -std=gnu99 -c -g -O2  conftest.c >&5
configure:7453: $? = 0
configure:7461: result: yes
configure:7423: checking whether getdomainname is declared without a macro
configure:7453: gcc -std=gnu99 -c -g -O2  conftest.c >&5
configure:7453: $? = 0
configure:7461: result: yes
configure:7423: checking whether getdtablesize is declared without a macro
configure:7453: gcc -std=gnu99 -c -g -O2  conftest.c >&5
configure:7453: $? = 0
configure:7461: result: yes
configure:7423: checking whether getgroups is declared without a macro
configure:7453: gcc -std=gnu99 -c -g -O2  conftest.c >&5
configure:7453: $? = 0
configure:7461: result: yes
configure:7423: checking whether gethostname is declared without a macro
configure:7453: gcc -std=gnu99 -c -g -O2  conftest.c >&5
configure:7453: $? = 0
configure:7461: result: yes
configure:7423: checking whether getlogin is declared without a macro
configure:7453: gcc -std=gnu99 -c -g -O2  conftest.c >&5
configure:7453: $? = 0
configure:7461: result: yes
configure:7423: checking whether getlogin_r is declared without a macro
configure:7453: gcc -std=gnu99 -c -g -O2  conftest.c >&5
configure:7453: $? = 0
configure:7461: result: yes
configure:7423: checking whether getpagesize is declared without a macro
configure:7453: gcc -std=gnu99 -c -g -O2  conftest.c >&5
configure:7453: $? = 0
configure:7461: result: yes
configure:7423: checking whether getusershell is declared without a macro
configure:7453: gcc -std=gnu99 -c -g -O2  conftest.c >&5
configure:7453: $? = 0
configure:7461: result: yes
configure:7423: checking whether setusershell is declared without a macro
configure:7453: gcc -std=gnu99 -c -g -O2  conftest.c >&5
configure:7453: $? = 0
configure:7461: result: yes
configure:7423: checking whether endusershell is declared without a macro
configure:7453: gcc -std=gnu99 -c -g -O2  conftest.c >&5
configure:7453: $? = 0
configure:7461: result: yes
configure:7423: checking whether group_member is declared without a macro
configure:7453: gcc -std=gnu99 -c -g -O2  conftest.c >&5
configure:7453: $? = 0
configure:7461: result: yes
configure:7423: checking whether isatty is declared without a macro
configure:7453: gcc -std=gnu99 -c -g -O2  conftest.c >&5
configure:7453: $? = 0
configure:7461: result: yes
configure:7423: checking whether lchown is declared without a macro
configure:7453: gcc -std=gnu99 -c -g -O2  conftest.c >&5
configure:7453: $? = 0
configure:7461: result: yes
configure:7423: checking whether link is declared without a macro
configure:7453: gcc -std=gnu99 -c -g -O2  conftest.c >&5
configure:7453: $? = 0
configure:7461: result: yes
configure:7423: checking whether linkat is declared without a macro
configure:7453: gcc -std=gnu99 -c -g -O2  conftest.c >&5
configure:7453: $? = 0
configure:7461: result: yes
configure:7423: checking whether lseek is declared without a macro
configure:7453: gcc -std=gnu99 -c -g -O2  conftest.c >&5
configure:7453: $? = 0
configure:7461: result: yes
configure:7423: checking whether pipe is declared without a macro
configure:7453: gcc -std=gnu99 -c -g -O2  conftest.c >&5
configure:7453: $? = 0
configure:7461: result: yes
configure:7423: checking whether pipe2 is declared without a macro
configure:7453: gcc -std=gnu99 -c -g -O2  conftest.c >&5
configure:7453: $? = 0
configure:7461: result: yes
configure:7423: checking whether pread is declared without a macro
configure:7453: gcc -std=gnu99 -c -g -O2  conftest.c >&5
configure:7453: $? = 0
configure:7461: result: yes
configure:7423: checking whether pwrite is declared without a macro
configure:7453: gcc -std=gnu99 -c -g -O2  conftest.c >&5
configure:7453: $? = 0
configure:7461: result: yes
configure:7423: checking whether readlink is declared without a macro
configure:7453: gcc -std=gnu99 -c -g -O2  conftest.c >&5
configure:7453: $? = 0
configure:7461: result: yes
configure:7423: checking whether readlinkat is declared without a macro
configure:7453: gcc -std=gnu99 -c -g -O2  conftest.c >&5
configure:7453: $? = 0
configure:7461: result: yes
configure:7423: checking whether rmdir is declared without a macro
configure:7453: gcc -std=gnu99 -c -g -O2  conftest.c >&5
configure:7453: $? = 0
configure:7461: result: yes
configure:7423: checking whether sethostname is declared without a macro
configure:7453: gcc -std=gnu99 -c -g -O2  conftest.c >&5
configure:7453: $? = 0
configure:7461: result: yes
configure:7423: checking whether sleep is declared without a macro
configure:7453: gcc -std=gnu99 -c -g -O2  conftest.c >&5
configure:7453: $? = 0
configure:7461: result: yes
configure:7423: checking whether symlink is declared without a macro
configure:7453: gcc -std=gnu99 -c -g -O2  conftest.c >&5
configure:7453: $? = 0
configure:7461: result: yes
configure:7423: checking whether symlinkat is declared without a macro
configure:7453: gcc -std=gnu99 -c -g -O2  conftest.c >&5
configure:7453: $? = 0
configure:7461: result: yes
configure:7423: checking whether ttyname_r is declared without a macro
configure:7453: gcc -std=gnu99 -c -g -O2  conftest.c >&5
configure:7453: $? = 0
configure:7461: result: yes
configure:7423: checking whether unlink is declared without a macro
configure:7453: gcc -std=gnu99 -c -g -O2  conftest.c >&5
configure:7453: $? = 0
configure:7461: result: yes
configure:7423: checking whether unlinkat is declared without a macro
configure:7453: gcc -std=gnu99 -c -g -O2  conftest.c >&5
configure:7453: $? = 0
configure:7461: result: yes
configure:7423: checking whether usleep is declared without a macro
configure:7453: gcc -std=gnu99 -c -g -O2  conftest.c >&5
configure:7453: $? = 0
configure:7461: result: yes
configure:7568: checking how to print strings
configure:7595: result: printf
configure:7616: checking for a sed that does not truncate output
configure:7680: result: /bin/sed
configure:7698: checking for fgrep
configure:7760: result: /bin/grep -F
configure:7795: checking for ld used by gcc -std=gnu99
configure:7862: result: /usr/bin/ld
configure:7869: checking if the linker (/usr/bin/ld) is GNU ld
configure:7884: result: yes
configure:7896: checking for BSD- or MS-compatible name lister (nm)
configure:7945: result: /usr/bin/nm -B
configure:8075: checking the name lister (/usr/bin/nm -B) interface
configure:8082: gcc -std=gnu99 -c -g -O2  conftest.c >&5
configure:8085: /usr/bin/nm -B "conftest.o"
configure:8088: output
0000000000000000 B some_variable
configure:8095: result: BSD nm
configure:8098: checking whether ln -s works
configure:8102: result: yes
configure:8110: checking the maximum length of command line arguments
configure:8241: result: 3458764513820540925
configure:8258: checking whether the shell understands some XSI constructs
configure:8268: result: yes
configure:8272: checking whether the shell understands "+="
configure:8278: result: yes
configure:8313: checking how to convert x86_64-unknown-linux-gnu file names to x86_64-unknown-linux-gnu format
configure:8353: result: func_convert_file_noop
configure:8360: checking how to convert x86_64-unknown-linux-gnu file names to toolchain format
configure:8380: result: func_convert_file_noop
configure:8387: checking for /usr/bin/ld option to reload object files
configure:8394: result: -r
configure:8468: checking for objdump
configure:8484: found /usr/bin/objdump
configure:8495: result: objdump
configure:8527: checking how to recognize dependent libraries
configure:8725: result: pass_all
configure:8810: checking for dlltool
configure:8840: result: no
configure:8870: checking how to associate runtime and link libraries
configure:8897: result: printf %s\n
configure:9021: checking for archiver @FILE support
configure:9038: gcc -std=gnu99 -c -g -O2  conftest.c >&5
configure:9038: $? = 0
configure:9041: ar cru libconftest.a @conftest.lst >&5
configure:9044: $? = 0
configure:9049: ar cru libconftest.a @conftest.lst >&5
ar: conftest.o: No such file or directory
configure:9052: $? = 1
configure:9064: result: @
configure:9122: checking for strip
configure:9138: found /usr/bin/strip
configure:9149: result: strip
configure:9221: checking for ranlib
configure:9248: result: ranlib
configure:9350: checking command to parse /usr/bin/nm -B output from gcc -std=gnu99 object
configure:9470: gcc -std=gnu99 -c -g -O2  conftest.c >&5
configure:9473: $? = 0
configure:9477: /usr/bin/nm -B conftest.o \| sed -n -e 's/^.*[ ]\([ABCDGIRSTW][ABCDGIRSTW]*\)[ ][ ]*\([_A-Za-z][_A-Za-z0-9]*\)$/\1 \2 \2/p' | sed '/ __gnu_lto/d' \> conftest.nm
configure:9480: $? = 0
configure:9546: gcc -std=gnu99 -o conftest -g -O2   conftest.c conftstm.o >&5
configure:9549: $? = 0
configure:9587: result: ok
configure:9624: checking for sysroot
configure:9654: result: no
configure:9731: gcc -std=gnu99 -c -g -O2  conftest.c >&5
configure:9734: $? = 0
configure:9917: checking for mt
configure:9933: found /bin/mt
configure:9944: result: mt
configure:9967: checking if mt is a manifest tool
configure:9973: mt '-?'
configure:9981: result: no
configure:10620: checking for dlfcn.h
configure:10620: gcc -std=gnu99 -c -g -O2  conftest.c >&5
configure:10620: $? = 0
configure:10620: result: yes
configure:10826: checking for objdir
configure:10841: result: .libs
configure:11112: checking if gcc -std=gnu99 supports -fno-rtti -fno-exceptions
configure:11130: gcc -std=gnu99 -c -g -O2  -fno-rtti -fno-exceptions conftest.c >&5
cc1: warning: command line option '-fno-rtti' is valid for C++/ObjC++ but not for C [enabled by default]
configure:11134: $? = 0
configure:11147: result: no
configure:11474: checking for gcc -std=gnu99 option to produce PIC
configure:11481: result: -fPIC -DPIC
configure:11489: checking if gcc -std=gnu99 PIC flag -fPIC -DPIC works
configure:11507: gcc -std=gnu99 -c -g -O2  -fPIC -DPIC -DPIC conftest.c >&5
configure:11511: $? = 0
configure:11524: result: yes
configure:11553: checking if gcc -std=gnu99 static flag -static works
configure:11581: result: yes
configure:11596: checking if gcc -std=gnu99 supports -c -o file.o
configure:11617: gcc -std=gnu99 -c -g -O2  -o out/conftest2.o conftest.c >&5
configure:11621: $? = 0
configure:11643: result: yes
configure:11651: checking if gcc -std=gnu99 supports -c -o file.o
configure:11698: result: yes
configure:11731: checking whether the gcc -std=gnu99 linker (/usr/bin/ld -m elf_x86_64) supports shared libraries
configure:12888: result: yes
configure:12925: checking whether -lc should be explicitly linked in
configure:12933: gcc -std=gnu99 -c -g -O2  conftest.c >&5
configure:12936: $? = 0
configure:12951: gcc -std=gnu99 -shared  -fPIC -DPIC conftest.o  -v -Wl,-soname -Wl,conftest -o conftest 2\>\&1 \| /bin/grep  -lc  \>/dev/null 2\>\&1
configure:12954: $? = 0
configure:12968: result: no
configure:13128: checking dynamic linker characteristics
configure:13628: gcc -std=gnu99 -o conftest -g -O2   -Wl,-rpath -Wl,/foo conftest.c -lSDL_ttf -lguile -lSDL_image -lSDL  >&5
configure:13628: $? = 0
configure:13862: result: GNU/Linux ld.so
configure:13969: checking how to hardcode library paths into programs
configure:13994: result: immediate
configure:14534: checking whether stripping libraries is possible
configure:14539: result: yes
configure:14574: checking if libtool supports shared libraries
configure:14576: result: yes
configure:14579: checking whether to build shared libraries
configure:14600: result: yes
configure:14603: checking whether to build static libraries
configure:14607: result: yes
configure:14649: checking SDL/SDL.h usability
configure:14649: gcc -std=gnu99 -c -g -O2  conftest.c >&5
configure:14649: $? = 0
configure:14649: result: yes
configure:14649: checking SDL/SDL.h presence
configure:14649: gcc -std=gnu99 -E  conftest.c
configure:14649: $? = 0
configure:14649: result: yes
configure:14649: checking for SDL/SDL.h
configure:14649: result: yes
configure:14649: checking SDL/SDL_image.h usability
configure:14649: gcc -std=gnu99 -c -g -O2  conftest.c >&5
configure:14649: $? = 0
configure:14649: result: yes
configure:14649: checking SDL/SDL_image.h presence
configure:14649: gcc -std=gnu99 -E  conftest.c
configure:14649: $? = 0
configure:14649: result: yes
configure:14649: checking for SDL/SDL_image.h
configure:14649: result: yes
configure:14649: checking SDL/SDL_ttf.h usability
configure:14649: gcc -std=gnu99 -c -g -O2  conftest.c >&5
configure:14649: $? = 0
configure:14649: result: yes
configure:14649: checking SDL/SDL_ttf.h presence
configure:14649: gcc -std=gnu99 -E  conftest.c
configure:14649: $? = 0
configure:14649: result: yes
configure:14649: checking for SDL/SDL_ttf.h
configure:14649: result: yes
configure:14649: checking libguile.h usability
configure:14649: gcc -std=gnu99 -c -g -O2  conftest.c >&5
configure:14649: $? = 0
configure:14649: result: yes
configure:14649: checking libguile.h presence
configure:14649: gcc -std=gnu99 -E  conftest.c
configure:14649: $? = 0
configure:14649: result: yes
configure:14649: checking for libguile.h
configure:14649: result: yes
configure:14665: checking for memset
configure:14665: gcc -std=gnu99 -o conftest -g -O2   conftest.c -lSDL_ttf -lguile -lSDL_image -lSDL  >&5
conftest.c:163:6: warning: conflicting types for built-in function 'memset' [enabled by default]
configure:14665: $? = 0
configure:14665: result: yes
configure:14665: checking for strdup
configure:14665: gcc -std=gnu99 -o conftest -g -O2   conftest.c -lSDL_ttf -lguile -lSDL_image -lSDL  >&5
conftest.c:164:6: warning: conflicting types for built-in function 'strdup' [enabled by default]
configure:14665: $? = 0
configure:14665: result: yes
configure:14665: checking for calloc
configure:14665: gcc -std=gnu99 -o conftest -g -O2   conftest.c -lSDL_ttf -lguile -lSDL_image -lSDL  >&5
conftest.c:165:6: warning: conflicting types for built-in function 'calloc' [enabled by default]
configure:14665: $? = 0
configure:14665: result: yes
configure:14676: checking for stdlib.h
configure:14676: result: yes
configure:14686: checking for GNU libc compatible malloc
configure:14710: gcc -std=gnu99 -o conftest -g -O2   conftest.c -lSDL_ttf -lguile -lSDL_image -lSDL  >&5
configure:14710: $? = 0
configure:14710: ./conftest
configure:14710: $? = 0
configure:14720: result: yes
configure:14743: checking for stdlib.h
configure:14743: result: yes
configure:14753: checking for GNU libc compatible realloc
configure:14777: gcc -std=gnu99 -o conftest -g -O2   conftest.c -lSDL_ttf -lguile -lSDL_image -lSDL  >&5
configure:14777: $? = 0
configure:14777: ./conftest
configure:14777: $? = 0
configure:14787: result: yes
configure:14985: creating ./config.status

## ---------------- ##
## Cache variables. ##
## ---------------- ##

ac_cv_build=x86_64-unknown-linux-gnu
ac_cv_c_compiler_gnu=yes
ac_cv_c_inline=inline
ac_cv_c_restrict=__restrict
ac_cv_env_CC_set=
ac_cv_env_CC_value=
ac_cv_env_CFLAGS_set=
ac_cv_env_CFLAGS_value=
ac_cv_env_CPPFLAGS_set=
ac_cv_env_CPPFLAGS_value=
ac_cv_env_CPP_set=
ac_cv_env_CPP_value=
ac_cv_env_LDFLAGS_set=
ac_cv_env_LDFLAGS_value=
ac_cv_env_LIBS_set=
ac_cv_env_LIBS_value=
ac_cv_env_build_alias_set=
ac_cv_env_build_alias_value=
ac_cv_env_host_alias_set=
ac_cv_env_host_alias_value=
ac_cv_env_target_alias_set=
ac_cv_env_target_alias_value=
ac_cv_func__set_invalid_parameter_handler=no
ac_cv_func_calloc=yes
ac_cv_func_malloc_0_nonnull=yes
ac_cv_func_memset=yes
ac_cv_func_realloc_0_nonnull=yes
ac_cv_func_strdup=yes
ac_cv_func_strerror_r=yes
ac_cv_func_strerror_r_char_p=yes
ac_cv_have_decl__Exit=yes
ac_cv_have_decl_atoll=yes
ac_cv_have_decl_canonicalize_file_name=yes
ac_cv_have_decl_chdir=yes
ac_cv_have_decl_chown=yes
ac_cv_have_decl_dup2=yes
ac_cv_have_decl_dup3=yes
ac_cv_have_decl_dup=yes
ac_cv_have_decl_endusershell=yes
ac_cv_have_decl_environ=yes
ac_cv_have_decl_euidaccess=yes
ac_cv_have_decl_faccessat=yes
ac_cv_have_decl_fchdir=yes
ac_cv_have_decl_fchownat=yes
ac_cv_have_decl_fdatasync=yes
ac_cv_have_decl_ffsl=yes
ac_cv_have_decl_ffsll=yes
ac_cv_have_decl_fsync=yes
ac_cv_have_decl_ftruncate=yes
ac_cv_have_decl_getcwd=yes
ac_cv_have_decl_getdomainname=yes
ac_cv_have_decl_getdtablesize=yes
ac_cv_have_decl_getgroups=yes
ac_cv_have_decl_gethostname=yes
ac_cv_have_decl_getloadavg=yes
ac_cv_have_decl_getlogin=yes
ac_cv_have_decl_getlogin_r=yes
ac_cv_have_decl_getpagesize=yes
ac_cv_have_decl_getsubopt=yes
ac_cv_have_decl_getusershell=yes
ac_cv_have_decl_grantpt=yes
ac_cv_have_decl_group_member=yes
ac_cv_have_decl_initstate=yes
ac_cv_have_decl_initstate_r=yes
ac_cv_have_decl_isatty=yes
ac_cv_have_decl_lchown=yes
ac_cv_have_decl_link=yes
ac_cv_have_decl_linkat=yes
ac_cv_have_decl_lseek=yes
ac_cv_have_decl_memmem=yes
ac_cv_have_decl_mempcpy=yes
ac_cv_have_decl_memrchr=yes
ac_cv_have_decl_mkdtemp=yes
ac_cv_have_decl_mkostemp=yes
ac_cv_have_decl_mkostemps=yes
ac_cv_have_decl_mkstemp=yes
ac_cv_have_decl_mkstemps=yes
ac_cv_have_decl_pipe2=yes
ac_cv_have_decl_pipe=yes
ac_cv_have_decl_posix_openpt=yes
ac_cv_have_decl_pread=yes
ac_cv_have_decl_ptsname=yes
ac_cv_have_decl_ptsname_r=yes
ac_cv_have_decl_pwrite=yes
ac_cv_have_decl_random=yes
ac_cv_have_decl_random_r=yes
ac_cv_have_decl_rawmemchr=yes
ac_cv_have_decl_readlink=yes
ac_cv_have_decl_readlinkat=yes
ac_cv_have_decl_realpath=yes
ac_cv_have_decl_rmdir=yes
ac_cv_have_decl_rpmatch=yes
ac_cv_have_decl_setenv=yes
ac_cv_have_decl_sethostname=yes
ac_cv_have_decl_setstate=yes
ac_cv_have_decl_setstate_r=yes
ac_cv_have_decl_setusershell=yes
ac_cv_have_decl_sleep=yes
ac_cv_have_decl_srandom=yes
ac_cv_have_decl_srandom_r=yes
ac_cv_have_decl_stpcpy=yes
ac_cv_have_decl_stpncpy=yes
ac_cv_have_decl_strcasestr=yes
ac_cv_have_decl_strchrnul=yes
ac_cv_have_decl_strdup=yes
ac_cv_have_decl_strerror_r=yes
ac_cv_have_decl_strncat=yes
ac_cv_have_decl_strndup=yes
ac_cv_have_decl_strnlen=yes
ac_cv_have_decl_strpbrk=yes
ac_cv_have_decl_strsep=yes
ac_cv_have_decl_strsignal=yes
ac_cv_have_decl_strtod=yes
ac_cv_have_decl_strtok_r=yes
ac_cv_have_decl_strtoll=yes
ac_cv_have_decl_strtoull=yes
ac_cv_have_decl_strverscmp=yes
ac_cv_have_decl_symlink=yes
ac_cv_have_decl_symlinkat=yes
ac_cv_have_decl_ttyname_r=yes
ac_cv_have_decl_unlink=yes
ac_cv_have_decl_unlinkat=yes
ac_cv_have_decl_unlockpt=yes
ac_cv_have_decl_unsetenv=yes
ac_cv_have_decl_usleep=yes
ac_cv_header_SDL_SDL_h=yes
ac_cv_header_SDL_SDL_image_h=yes
ac_cv_header_SDL_SDL_ttf_h=yes
ac_cv_header_dlfcn_h=yes
ac_cv_header_inttypes_h=yes
ac_cv_header_libguile_h=yes
ac_cv_header_memory_h=yes
ac_cv_header_minix_config_h=no
ac_cv_header_stdc=yes
ac_cv_header_stdint_h=yes
ac_cv_header_stdlib_h=yes
ac_cv_header_string_h=yes
ac_cv_header_strings_h=yes
ac_cv_header_sys_socket_h=yes
ac_cv_header_sys_stat_h=yes
ac_cv_header_sys_types_h=yes
ac_cv_header_unistd_h=yes
ac_cv_host=x86_64-unknown-linux-gnu
ac_cv_lib_SDL_SDL_Init=yes
ac_cv_lib_SDL_image_IMG_Load=yes
ac_cv_lib_SDL_ttf_TTF_FontHeight=yes
ac_cv_lib_error_at_line=yes
ac_cv_lib_guile_scm_init_guile=yes
ac_cv_objext=o
ac_cv_path_EGREP='/bin/grep -E'
ac_cv_path_FGREP='/bin/grep -F'
ac_cv_path_GREP=/bin/grep
ac_cv_path_SED=/bin/sed
ac_cv_path_install='/usr/bin/install -c'
ac_cv_path_mkdir=/bin/mkdir
ac_cv_prog_AWK=mawk
ac_cv_prog_CPP='gcc -std=gnu99 -E'
ac_cv_prog_ac_ct_AR=ar
ac_cv_prog_ac_ct_CC=gcc
ac_cv_prog_ac_ct_MANIFEST_TOOL=mt
ac_cv_prog_ac_ct_OBJDUMP=objdump
ac_cv_prog_ac_ct_RANLIB=ranlib
ac_cv_prog_ac_ct_STRIP=strip
ac_cv_prog_cc_c89=
ac_cv_prog_cc_c99=-std=gnu99
ac_cv_prog_cc_g=yes
ac_cv_prog_cc_stdc=-std=gnu99
ac_cv_prog_make_make_set=yes
ac_cv_safe_to_define___extensions__=yes
ac_cv_type_pid_t=yes
am_cv_CC_dependencies_compiler_type=gcc3
gl_cv_c_amsterdam_compiler=no
gl_cv_c_inline_effective=yes
gl_cv_decl_null_works=yes
gl_cv_func_strerror_0_works=yes
gl_cv_func_working_strerror=yes
gl_cv_have_include_next=yes
gl_cv_have_raw_decl__Exit=yes
gl_cv_have_raw_decl_atoll=yes
gl_cv_have_raw_decl_canonicalize_file_name=yes
gl_cv_have_raw_decl_chdir=yes
gl_cv_have_raw_decl_chown=yes
gl_cv_have_raw_decl_dup2=yes
gl_cv_have_raw_decl_dup3=yes
gl_cv_have_raw_decl_dup=yes
gl_cv_have_raw_decl_endusershell=yes
gl_cv_have_raw_decl_environ=yes
gl_cv_have_raw_decl_euidaccess=yes
gl_cv_have_raw_decl_faccessat=yes
gl_cv_have_raw_decl_fchdir=yes
gl_cv_have_raw_decl_fchownat=yes
gl_cv_have_raw_decl_fdatasync=yes
gl_cv_have_raw_decl_ffsl=yes
gl_cv_have_raw_decl_ffsll=yes
gl_cv_have_raw_decl_fsync=yes
gl_cv_have_raw_decl_ftruncate=yes
gl_cv_have_raw_decl_getcwd=yes
gl_cv_have_raw_decl_getdomainname=yes
gl_cv_have_raw_decl_getdtablesize=yes
gl_cv_have_raw_decl_getgroups=yes
gl_cv_have_raw_decl_gethostname=yes
gl_cv_have_raw_decl_getloadavg=yes
gl_cv_have_raw_decl_getlogin=yes
gl_cv_have_raw_decl_getlogin_r=yes
gl_cv_have_raw_decl_getpagesize=yes
gl_cv_have_raw_decl_getsubopt=yes
gl_cv_have_raw_decl_getusershell=yes
gl_cv_have_raw_decl_grantpt=yes
gl_cv_have_raw_decl_group_member=yes
gl_cv_have_raw_decl_initstate=yes
gl_cv_have_raw_decl_initstate_r=yes
gl_cv_have_raw_decl_isatty=yes
gl_cv_have_raw_decl_lchown=yes
gl_cv_have_raw_decl_link=yes
gl_cv_have_raw_decl_linkat=yes
gl_cv_have_raw_decl_lseek=yes
gl_cv_have_raw_decl_memmem=yes
gl_cv_have_raw_decl_mempcpy=yes
gl_cv_have_raw_decl_memrchr=yes
gl_cv_have_raw_decl_mkdtemp=yes
gl_cv_have_raw_decl_mkostemp=yes
gl_cv_have_raw_decl_mkostemps=yes
gl_cv_have_raw_decl_mkstemp=yes
gl_cv_have_raw_decl_mkstemps=yes
gl_cv_have_raw_decl_pipe2=yes
gl_cv_have_raw_decl_pipe=yes
gl_cv_have_raw_decl_posix_openpt=yes
gl_cv_have_raw_decl_pread=yes
gl_cv_have_raw_decl_ptsname=yes
gl_cv_have_raw_decl_ptsname_r=yes
gl_cv_have_raw_decl_pwrite=yes
gl_cv_have_raw_decl_random=yes
gl_cv_have_raw_decl_random_r=yes
gl_cv_have_raw_decl_rawmemchr=yes
gl_cv_have_raw_decl_readlink=yes
gl_cv_have_raw_decl_readlinkat=yes
gl_cv_have_raw_decl_realpath=yes
gl_cv_have_raw_decl_rmdir=yes
gl_cv_have_raw_decl_rpmatch=yes
gl_cv_have_raw_decl_setenv=yes
gl_cv_have_raw_decl_sethostname=yes
gl_cv_have_raw_decl_setstate=yes
gl_cv_have_raw_decl_setstate_r=yes
gl_cv_have_raw_decl_setusershell=yes
gl_cv_have_raw_decl_sleep=yes
gl_cv_have_raw_decl_srandom=yes
gl_cv_have_raw_decl_srandom_r=yes
gl_cv_have_raw_decl_stpcpy=yes
gl_cv_have_raw_decl_stpncpy=yes
gl_cv_have_raw_decl_strcasestr=yes
gl_cv_have_raw_decl_strchrnul=yes
gl_cv_have_raw_decl_strdup=yes
gl_cv_have_raw_decl_strerror_r=yes
gl_cv_have_raw_decl_strncat=yes
gl_cv_have_raw_decl_strndup=yes
gl_cv_have_raw_decl_strnlen=yes
gl_cv_have_raw_decl_strpbrk=yes
gl_cv_have_raw_decl_strsep=yes
gl_cv_have_raw_decl_strsignal=yes
gl_cv_have_raw_decl_strtod=yes
gl_cv_have_raw_decl_strtok_r=yes
gl_cv_have_raw_decl_strtoll=yes
gl_cv_have_raw_decl_strtoull=yes
gl_cv_have_raw_decl_strverscmp=yes
gl_cv_have_raw_decl_symlink=yes
gl_cv_have_raw_decl_symlinkat=yes
gl_cv_have_raw_decl_ttyname_r=yes
gl_cv_have_raw_decl_unlink=yes
gl_cv_have_raw_decl_unlinkat=yes
gl_cv_have_raw_decl_unlockpt=yes
gl_cv_have_raw_decl_unsetenv=yes
gl_cv_have_raw_decl_usleep=yes
gl_cv_header_errno_h_complete=yes
gl_cv_next_stdlib_h='<stdlib.h>'
gl_cv_next_string_h='<string.h>'
gl_cv_next_unistd_h='<unistd.h>'
gl_cv_pragma_columns=no
gt_cv_c_wchar_t=yes
gt_cv_ssize_t=yes
lt_cv_ar_at_file=@
lt_cv_archive_cmds_need_lc=no
lt_cv_deplibs_check_method=pass_all
lt_cv_file_magic_cmd='$MAGIC_CMD'
lt_cv_file_magic_test_file=
lt_cv_ld_reload_flag=-r
lt_cv_nm_interface='BSD nm'
lt_cv_objdir=.libs
lt_cv_path_LD=/usr/bin/ld
lt_cv_path_NM='/usr/bin/nm -B'
lt_cv_path_mainfest_tool=no
lt_cv_prog_compiler_c_o=yes
lt_cv_prog_compiler_pic='-fPIC -DPIC'
lt_cv_prog_compiler_pic_works=yes
lt_cv_prog_compiler_rtti_exceptions=no
lt_cv_prog_compiler_static_works=yes
lt_cv_prog_gnu_ld=yes
lt_cv_sharedlib_from_linklib_cmd='printf %s\n'
lt_cv_shlibpath_overrides_runpath=no
lt_cv_sys_global_symbol_pipe='sed -n -e '\''s/^.*[	 ]\([ABCDGIRSTW][ABCDGIRSTW]*\)[	 ][	 ]*\([_A-Za-z][_A-Za-z0-9]*\)$/\1 \2 \2/p'\'' | sed '\''/ __gnu_lto/d'\'''
lt_cv_sys_global_symbol_to_c_name_address='sed -n -e '\''s/^: \([^ ]*\)[ ]*$/  {\"\1\", (void *) 0},/p'\'' -e '\''s/^[ABCDGIRSTW]* \([^ ]*\) \([^ ]*\)$/  {"\2", (void *) \&\2},/p'\'''
lt_cv_sys_global_symbol_to_c_name_address_lib_prefix='sed -n -e '\''s/^: \([^ ]*\)[ ]*$/  {\"\1\", (void *) 0},/p'\'' -e '\''s/^[ABCDGIRSTW]* \([^ ]*\) \(lib[^ ]*\)$/  {"\2", (void *) \&\2},/p'\'' -e '\''s/^[ABCDGIRSTW]* \([^ ]*\) \([^ ]*\)$/  {"lib\2", (void *) \&\2},/p'\'''
lt_cv_sys_global_symbol_to_cdecl='sed -n -e '\''s/^T .* \(.*\)$/extern int \1();/p'\'' -e '\''s/^[ABCDGIRSTW]* .* \(.*\)$/extern char \1;/p'\'''
lt_cv_sys_max_cmd_len=3458764513820540925
lt_cv_to_host_file_cmd=func_convert_file_noop
lt_cv_to_tool_file_cmd=func_convert_file_noop

## ----------------- ##
## Output variables. ##
## ----------------- ##

ACLOCAL='${SHELL} /home/sebastien/project/gnu/rpge/source/rpge/missing --run aclocal-1.11'
AMDEPBACKSLASH='\'
AMDEP_FALSE='#'
AMDEP_TRUE=''
AMTAR='$${TAR-tar}'
AR='ar'
ARFLAGS='cru'
AUTOCONF='${SHELL} /home/sebastien/project/gnu/rpge/source/rpge/missing --run autoconf'
AUTOHEADER='${SHELL} /home/sebastien/project/gnu/rpge/source/rpge/missing --run autoheader'
AUTOMAKE='${SHELL} /home/sebastien/project/gnu/rpge/source/rpge/missing --run automake-1.11'
AWK='mawk'
CC='gcc -std=gnu99'
CCDEPMODE='depmode=gcc3'
CFLAGS='-g -O2'
CPP='gcc -std=gnu99 -E'
CPPFLAGS=''
CYGPATH_W='echo'
DEFS='-DHAVE_CONFIG_H'
DEPDIR='.deps'
DLLTOOL='false'
DSYMUTIL=''
DUMPBIN=''
ECHO_C=''
ECHO_N='-n'
ECHO_T=''
EGREP='/bin/grep -E'
EMULTIHOP_HIDDEN=''
EMULTIHOP_VALUE=''
ENOLINK_HIDDEN=''
ENOLINK_VALUE=''
EOVERFLOW_HIDDEN=''
EOVERFLOW_VALUE=''
ERRNO_H=''
EXEEXT=''
FGREP='/bin/grep -F'
GL_COND_LIBTOOL_FALSE=''
GL_COND_LIBTOOL_TRUE='#'
GL_GENERATE_ERRNO_H_FALSE=''
GL_GENERATE_ERRNO_H_TRUE='#'
GL_GENERATE_STDDEF_H_FALSE=''
GL_GENERATE_STDDEF_H_TRUE='#'
GNULIB_ATOLL='0'
GNULIB_CALLOC_POSIX='0'
GNULIB_CANONICALIZE_FILE_NAME='0'
GNULIB_CHDIR='0'
GNULIB_CHOWN='0'
GNULIB_CLOSE='0'
GNULIB_DUP2='0'
GNULIB_DUP3='0'
GNULIB_DUP='0'
GNULIB_ENVIRON='0'
GNULIB_EUIDACCESS='0'
GNULIB_FACCESSAT='0'
GNULIB_FCHDIR='0'
GNULIB_FCHOWNAT='0'
GNULIB_FDATASYNC='0'
GNULIB_FFSL='0'
GNULIB_FFSLL='0'
GNULIB_FSYNC='0'
GNULIB_FTRUNCATE='0'
GNULIB_GETCWD='0'
GNULIB_GETDOMAINNAME='0'
GNULIB_GETDTABLESIZE='0'
GNULIB_GETGROUPS='0'
GNULIB_GETHOSTNAME='0'
GNULIB_GETLOADAVG='0'
GNULIB_GETLOGIN='0'
GNULIB_GETLOGIN_R='0'
GNULIB_GETPAGESIZE='0'
GNULIB_GETSUBOPT='0'
GNULIB_GETUSERSHELL='0'
GNULIB_GRANTPT='0'
GNULIB_GROUP_MEMBER='0'
GNULIB_ISATTY='0'
GNULIB_LCHOWN='0'
GNULIB_LINK='0'
GNULIB_LINKAT='0'
GNULIB_LSEEK='0'
GNULIB_MALLOC_POSIX='0'
GNULIB_MBSCASECMP='0'
GNULIB_MBSCASESTR='0'
GNULIB_MBSCHR='0'
GNULIB_MBSCSPN='0'
GNULIB_MBSLEN='0'
GNULIB_MBSNCASECMP='0'
GNULIB_MBSNLEN='0'
GNULIB_MBSPBRK='0'
GNULIB_MBSPCASECMP='0'
GNULIB_MBSRCHR='0'
GNULIB_MBSSEP='0'
GNULIB_MBSSPN='0'
GNULIB_MBSSTR='0'
GNULIB_MBSTOK_R='0'
GNULIB_MBTOWC='0'
GNULIB_MEMCHR='0'
GNULIB_MEMMEM='0'
GNULIB_MEMPCPY='0'
GNULIB_MEMRCHR='0'
GNULIB_MKDTEMP='0'
GNULIB_MKOSTEMP='0'
GNULIB_MKOSTEMPS='0'
GNULIB_MKSTEMP='0'
GNULIB_MKSTEMPS='0'
GNULIB_PIPE2='0'
GNULIB_PIPE='0'
GNULIB_POSIX_OPENPT='0'
GNULIB_PREAD='0'
GNULIB_PTSNAME='0'
GNULIB_PTSNAME_R='0'
GNULIB_PUTENV='0'
GNULIB_PWRITE='0'
GNULIB_RANDOM='0'
GNULIB_RANDOM_R='0'
GNULIB_RAWMEMCHR='0'
GNULIB_READ='0'
GNULIB_READLINK='0'
GNULIB_READLINKAT='0'
GNULIB_REALLOC_POSIX='0'
GNULIB_REALPATH='0'
GNULIB_RMDIR='0'
GNULIB_RPMATCH='0'
GNULIB_SETENV='0'
GNULIB_SETHOSTNAME='0'
GNULIB_SLEEP='0'
GNULIB_STPCPY='0'
GNULIB_STPNCPY='0'
GNULIB_STRCASESTR='0'
GNULIB_STRCHRNUL='0'
GNULIB_STRDUP='0'
GNULIB_STRERROR='1'
GNULIB_STRERROR_R='0'
GNULIB_STRNCAT='0'
GNULIB_STRNDUP='0'
GNULIB_STRNLEN='0'
GNULIB_STRPBRK='0'
GNULIB_STRSEP='0'
GNULIB_STRSIGNAL='0'
GNULIB_STRSTR='0'
GNULIB_STRTOD='0'
GNULIB_STRTOK_R='0'
GNULIB_STRTOLL='0'
GNULIB_STRTOULL='0'
GNULIB_STRVERSCMP='0'
GNULIB_SYMLINK='0'
GNULIB_SYMLINKAT='0'
GNULIB_SYSTEM_POSIX='0'
GNULIB_TTYNAME_R='0'
GNULIB_UNISTD_H_NONBLOCKING='0'
GNULIB_UNISTD_H_SIGPIPE='0'
GNULIB_UNLINK='0'
GNULIB_UNLINKAT='0'
GNULIB_UNLOCKPT='0'
GNULIB_UNSETENV='0'
GNULIB_USLEEP='0'
GNULIB_WCTOMB='0'
GNULIB_WRITE='0'
GNULIB__EXIT='0'
GREP='/bin/grep'
HAVE_ATOLL='1'
HAVE_CANONICALIZE_FILE_NAME='1'
HAVE_CHOWN='1'
HAVE_DECL_ENVIRON='1'
HAVE_DECL_FCHDIR='1'
HAVE_DECL_FDATASYNC='1'
HAVE_DECL_GETDOMAINNAME='1'
HAVE_DECL_GETLOADAVG='1'
HAVE_DECL_GETLOGIN_R='1'
HAVE_DECL_GETPAGESIZE='1'
HAVE_DECL_GETUSERSHELL='1'
HAVE_DECL_MEMMEM='1'
HAVE_DECL_MEMRCHR='1'
HAVE_DECL_SETENV='1'
HAVE_DECL_SETHOSTNAME='1'
HAVE_DECL_STRDUP='1'
HAVE_DECL_STRERROR_R='1'
HAVE_DECL_STRNDUP='1'
HAVE_DECL_STRNLEN='1'
HAVE_DECL_STRSIGNAL='1'
HAVE_DECL_STRTOK_R='1'
HAVE_DECL_TTYNAME_R='1'
HAVE_DECL_UNSETENV='1'
HAVE_DUP2='1'
HAVE_DUP3='1'
HAVE_EUIDACCESS='1'
HAVE_FACCESSAT='1'
HAVE_FCHDIR='1'
HAVE_FCHOWNAT='1'
HAVE_FDATASYNC='1'
HAVE_FFSL='1'
HAVE_FFSLL='1'
HAVE_FSYNC='1'
HAVE_FTRUNCATE='1'
HAVE_GETDTABLESIZE='1'
HAVE_GETGROUPS='1'
HAVE_GETHOSTNAME='1'
HAVE_GETLOGIN='1'
HAVE_GETPAGESIZE='1'
HAVE_GETSUBOPT='1'
HAVE_GRANTPT='1'
HAVE_GROUP_MEMBER='1'
HAVE_LCHOWN='1'
HAVE_LINK='1'
HAVE_LINKAT='1'
HAVE_MBSLEN='0'
HAVE_MEMCHR='1'
HAVE_MEMPCPY='1'
HAVE_MKDTEMP='1'
HAVE_MKOSTEMP='1'
HAVE_MKOSTEMPS='1'
HAVE_MKSTEMP='1'
HAVE_MKSTEMPS='1'
HAVE_MSVC_INVALID_PARAMETER_HANDLER='0'
HAVE_OS_H='0'
HAVE_PIPE2='1'
HAVE_PIPE='1'
HAVE_POSIX_OPENPT='1'
HAVE_PREAD='1'
HAVE_PTSNAME='1'
HAVE_PTSNAME_R='1'
HAVE_PWRITE='1'
HAVE_RANDOM='1'
HAVE_RANDOM_H='1'
HAVE_RANDOM_R='1'
HAVE_RAWMEMCHR='1'
HAVE_READLINK='1'
HAVE_READLINKAT='1'
HAVE_REALPATH='1'
HAVE_RPMATCH='1'
HAVE_SETENV='1'
HAVE_SETHOSTNAME='1'
HAVE_SLEEP='1'
HAVE_STPCPY='1'
HAVE_STPNCPY='1'
HAVE_STRCASESTR='1'
HAVE_STRCHRNUL='1'
HAVE_STRPBRK='1'
HAVE_STRSEP='1'
HAVE_STRTOD='1'
HAVE_STRTOLL='1'
HAVE_STRTOULL='1'
HAVE_STRUCT_RANDOM_DATA='1'
HAVE_STRVERSCMP='1'
HAVE_SYMLINK='1'
HAVE_SYMLINKAT='1'
HAVE_SYS_LOADAVG_H='0'
HAVE_SYS_PARAM_H='0'
HAVE_UNISTD_H='1'
HAVE_UNLINKAT='1'
HAVE_UNLOCKPT='1'
HAVE_USLEEP='1'
HAVE_WCHAR_T='1'
HAVE_WINSOCK2_H=''
HAVE__EXIT='1'
INCLUDE_NEXT='include_next'
INCLUDE_NEXT_AS_FIRST_DIRECTIVE='include_next'
INSTALL_DATA='${INSTALL} -m 644'
INSTALL_PROGRAM='${INSTALL}'
INSTALL_SCRIPT='${INSTALL}'
INSTALL_STRIP_PROGRAM='$(install_sh) -c -s'
LD='/usr/bin/ld -m elf_x86_64'
LDFLAGS=''
LIBGNU_LIBDEPS=''
LIBGNU_LTLIBDEPS=''
LIBINTL=''
LIBOBJS=''
LIBS='-lSDL_ttf -lguile -lSDL_image -lSDL '
LIBTOOL='$(SHELL) $(top_builddir)/libtool'
LIPO=''
LN_S='ln -s'
LTLIBINTL=''
LTLIBOBJS=''
MAKEINFO='${SHELL} /home/sebastien/project/gnu/rpge/source/rpge/missing --run makeinfo'
MANIFEST_TOOL=':'
MKDIR_P='/bin/mkdir -p'
NEXT_AS_FIRST_DIRECTIVE_ERRNO_H=''
NEXT_AS_FIRST_DIRECTIVE_STDDEF_H=''
NEXT_AS_FIRST_DIRECTIVE_STDLIB_H='<stdlib.h>'
NEXT_AS_FIRST_DIRECTIVE_STRING_H='<string.h>'
NEXT_AS_FIRST_DIRECTIVE_UNISTD_H='<unistd.h>'
NEXT_ERRNO_H=''
NEXT_STDDEF_H=''
NEXT_STDLIB_H='<stdlib.h>'
NEXT_STRING_H='<string.h>'
NEXT_UNISTD_H='<unistd.h>'
NM='/usr/bin/nm -B'
NMEDIT=''
OBJDUMP='objdump'
OBJEXT='o'
OTOOL64=''
OTOOL=''
PACKAGE='rpge'
PACKAGE_BUGREPORT=''
PACKAGE_NAME=''
PACKAGE_STRING=''
PACKAGE_TARNAME=''
PACKAGE_URL=''
PACKAGE_VERSION=''
PATH_SEPARATOR=':'
PRAGMA_COLUMNS=''
PRAGMA_SYSTEM_HEADER='#pragma GCC system_header'
RANLIB='ranlib'
REPLACE_CALLOC='0'
REPLACE_CANONICALIZE_FILE_NAME='0'
REPLACE_CHOWN='0'
REPLACE_CLOSE='0'
REPLACE_DUP2='0'
REPLACE_DUP='0'
REPLACE_FCHOWNAT='0'
REPLACE_GETCWD='0'
REPLACE_GETDOMAINNAME='0'
REPLACE_GETGROUPS='0'
REPLACE_GETLOGIN_R='0'
REPLACE_GETPAGESIZE='0'
REPLACE_ISATTY='0'
REPLACE_LCHOWN='0'
REPLACE_LINK='0'
REPLACE_LINKAT='0'
REPLACE_LSEEK='0'
REPLACE_MALLOC='0'
REPLACE_MBTOWC='0'
REPLACE_MEMCHR='0'
REPLACE_MEMMEM='0'
REPLACE_MKSTEMP='0'
REPLACE_NULL='0'
REPLACE_PREAD='0'
REPLACE_PTSNAME_R='0'
REPLACE_PUTENV='0'
REPLACE_PWRITE='0'
REPLACE_RANDOM_R='0'
REPLACE_READ='0'
REPLACE_READLINK='0'
REPLACE_REALLOC='0'
REPLACE_REALPATH='0'
REPLACE_RMDIR='0'
REPLACE_SETENV='0'
REPLACE_SLEEP='0'
REPLACE_STPNCPY='0'
REPLACE_STRCASESTR='0'
REPLACE_STRCHRNUL='0'
REPLACE_STRDUP='0'
REPLACE_STRERROR='0'
REPLACE_STRERROR_R='0'
REPLACE_STRNCAT='0'
REPLACE_STRNDUP='0'
REPLACE_STRNLEN='0'
REPLACE_STRSIGNAL='0'
REPLACE_STRSTR='0'
REPLACE_STRTOD='0'
REPLACE_STRTOK_R='0'
REPLACE_SYMLINK='0'
REPLACE_TTYNAME_R='0'
REPLACE_UNLINK='0'
REPLACE_UNLINKAT='0'
REPLACE_UNSETENV='0'
REPLACE_USLEEP='0'
REPLACE_WCTOMB='0'
REPLACE_WRITE='0'
SED='/bin/sed'
SET_MAKE=''
SHELL='/bin/bash'
STDDEF_H=''
STRIP='strip'
UNDEFINE_STRTOK_R='0'
UNISTD_H_HAVE_WINSOCK2_H='0'
UNISTD_H_HAVE_WINSOCK2_H_AND_USE_SOCKETS='0'
VERSION='0.0.1'
ac_ct_AR='ar'
ac_ct_CC='gcc'
ac_ct_DUMPBIN=''
am__EXEEXT_FALSE=''
am__EXEEXT_TRUE='#'
am__fastdepCC_FALSE='#'
am__fastdepCC_TRUE=''
am__include='include'
am__isrc=''
am__leading_dot='.'
am__nodep='_no'
am__quote=''
am__tar='$${TAR-tar} chof - "$$tardir"'
am__untar='$${TAR-tar} xf -'
bindir='${exec_prefix}/bin'
build='x86_64-unknown-linux-gnu'
build_alias=''
build_cpu='x86_64'
build_os='linux-gnu'
build_vendor='unknown'
datadir='${datarootdir}'
datarootdir='${prefix}/share'
docdir='${datarootdir}/doc/${PACKAGE}'
dvidir='${docdir}'
exec_prefix='${prefix}'
gl_LIBOBJS=''
gl_LTLIBOBJS=''
gltests_LIBOBJS=''
gltests_LTLIBOBJS=''
gltests_WITNESS='IN_RPGE_GNULIB_TESTS'
host='x86_64-unknown-linux-gnu'
host_alias=''
host_cpu='x86_64'
host_os='linux-gnu'
host_vendor='unknown'
htmldir='${docdir}'
includedir='${prefix}/include'
infodir='${datarootdir}/info'
install_sh='${SHELL} /home/sebastien/project/gnu/rpge/source/rpge/install-sh'
libdir='${exec_prefix}/lib'
libexecdir='${exec_prefix}/libexec'
localedir='${datarootdir}/locale'
localstatedir='${prefix}/var'
mandir='${datarootdir}/man'
mkdir_p='/bin/mkdir -p'
oldincludedir='/usr/include'
pdfdir='${docdir}'
prefix='/usr/local'
program_transform_name='s,x,x,'
psdir='${docdir}'
sbindir='${exec_prefix}/sbin'
sharedstatedir='${prefix}/com'
sysconfdir='${prefix}/etc'
target_alias=''

## ----------- ##
## confdefs.h. ##
## ----------- ##

/* confdefs.h */
#define PACKAGE_NAME ""
#define PACKAGE_TARNAME ""
#define PACKAGE_VERSION ""
#define PACKAGE_STRING ""
#define PACKAGE_BUGREPORT ""
#define PACKAGE_URL ""
#define STDC_HEADERS 1
#define HAVE_SYS_TYPES_H 1
#define HAVE_SYS_STAT_H 1
#define HAVE_STDLIB_H 1
#define HAVE_STRING_H 1
#define HAVE_MEMORY_H 1
#define HAVE_STRINGS_H 1
#define HAVE_INTTYPES_H 1
#define HAVE_STDINT_H 1
#define HAVE_UNISTD_H 1
#define __EXTENSIONS__ 1
#define _ALL_SOURCE 1
#define _DARWIN_C_SOURCE 1
#define _GNU_SOURCE 1
#define _POSIX_PTHREAD_SEMANTICS 1
#define _TANDEM_SOURCE 1
#define HAVE_LIBSDL 1
#define HAVE_LIBSDL_IMAGE 1
#define HAVE_LIBGUILE 1
#define HAVE_LIBSDL_TTF 1
#define HAVE_DECL_STRERROR_R 1
#define HAVE_STRERROR_R 1
#define STRERROR_R_CHAR_P 1
#define HAVE_WCHAR_T 1
#define HAVE_SYS_SOCKET_H 1
#define HAVE_UNISTD_H 1
#define restrict __restrict
#define HAVE_RAW_DECL_FFSL 1
#define HAVE_RAW_DECL_FFSLL 1
#define HAVE_RAW_DECL_MEMMEM 1
#define HAVE_RAW_DECL_MEMPCPY 1
#define HAVE_RAW_DECL_MEMRCHR 1
#define HAVE_RAW_DECL_RAWMEMCHR 1
#define HAVE_RAW_DECL_STPCPY 1
#define HAVE_RAW_DECL_STPNCPY 1
#define HAVE_RAW_DECL_STRCHRNUL 1
#define HAVE_RAW_DECL_STRDUP 1
#define HAVE_RAW_DECL_STRNCAT 1
#define HAVE_RAW_DECL_STRNDUP 1
#define HAVE_RAW_DECL_STRNLEN 1
#define HAVE_RAW_DECL_STRPBRK 1
#define HAVE_RAW_DECL_STRSEP 1
#define HAVE_RAW_DECL_STRCASESTR 1
#define HAVE_RAW_DECL_STRTOK_R 1
#define HAVE_RAW_DECL_STRERROR_R 1
#define HAVE_RAW_DECL_STRSIGNAL 1
#define HAVE_RAW_DECL_STRVERSCMP 1
#define HAVE_INLINE 1
#define HAVE_RAW_DECL__EXIT 1
#define HAVE_RAW_DECL_ATOLL 1
#define HAVE_RAW_DECL_CANONICALIZE_FILE_NAME 1
#define HAVE_RAW_DECL_GETLOADAVG 1
#define HAVE_RAW_DECL_GETSUBOPT 1
#define HAVE_RAW_DECL_GRANTPT 1
#define HAVE_RAW_DECL_INITSTATE 1
#define HAVE_RAW_DECL_INITSTATE_R 1
#define HAVE_RAW_DECL_MKDTEMP 1
#define HAVE_RAW_DECL_MKOSTEMP 1
#define HAVE_RAW_DECL_MKOSTEMPS 1
#define HAVE_RAW_DECL_MKSTEMP 1
#define HAVE_RAW_DECL_MKSTEMPS 1
#define HAVE_RAW_DECL_POSIX_OPENPT 1
#define HAVE_RAW_DECL_PTSNAME 1
#define HAVE_RAW_DECL_PTSNAME_R 1
#define HAVE_RAW_DECL_RANDOM 1
#define HAVE_RAW_DECL_RANDOM_R 1
#define HAVE_RAW_DECL_REALPATH 1
#define HAVE_RAW_DECL_RPMATCH 1
#define HAVE_RAW_DECL_SETENV 1
#define HAVE_RAW_DECL_SETSTATE 1
#define HAVE_RAW_DECL_SETSTATE_R 1
#define HAVE_RAW_DECL_SRANDOM 1
#define HAVE_RAW_DECL_SRANDOM_R 1
#define HAVE_RAW_DECL_STRTOD 1
#define HAVE_RAW_DECL_STRTOLL 1
#define HAVE_RAW_DECL_STRTOULL 1
#define HAVE_RAW_DECL_UNLOCKPT 1
#define HAVE_RAW_DECL_UNSETENV 1
#define GNULIB_STRERROR 1
#define GNULIB_TEST_STRERROR 1
#define HAVE_RAW_DECL_CHDIR 1
#define HAVE_RAW_DECL_CHOWN 1
#define HAVE_RAW_DECL_DUP 1
#define HAVE_RAW_DECL_DUP2 1
#define HAVE_RAW_DECL_DUP3 1
#define HAVE_RAW_DECL_ENVIRON 1
#define HAVE_RAW_DECL_EUIDACCESS 1
#define HAVE_RAW_DECL_FACCESSAT 1
#define HAVE_RAW_DECL_FCHDIR 1
#define HAVE_RAW_DECL_FCHOWNAT 1
#define HAVE_RAW_DECL_FDATASYNC 1
#define HAVE_RAW_DECL_FSYNC 1
#define HAVE_RAW_DECL_FTRUNCATE 1
#define HAVE_RAW_DECL_GETCWD 1
#define HAVE_RAW_DECL_GETDOMAINNAME 1
#define HAVE_RAW_DECL_GETDTABLESIZE 1
#define HAVE_RAW_DECL_GETGROUPS 1
#define HAVE_RAW_DECL_GETHOSTNAME 1
#define HAVE_RAW_DECL_GETLOGIN 1
#define HAVE_RAW_DECL_GETLOGIN_R 1
#define HAVE_RAW_DECL_GETPAGESIZE 1
#define HAVE_RAW_DECL_GETUSERSHELL 1
#define HAVE_RAW_DECL_SETUSERSHELL 1
#define HAVE_RAW_DECL_ENDUSERSHELL 1
#define HAVE_RAW_DECL_GROUP_MEMBER 1
#define HAVE_RAW_DECL_ISATTY 1
#define HAVE_RAW_DECL_LCHOWN 1
#define HAVE_RAW_DECL_LINK 1
#define HAVE_RAW_DECL_LINKAT 1
#define HAVE_RAW_DECL_LSEEK 1
#define HAVE_RAW_DECL_PIPE 1
#define HAVE_RAW_DECL_PIPE2 1
#define HAVE_RAW_DECL_PREAD 1
#define HAVE_RAW_DECL_PWRITE 1
#define HAVE_RAW_DECL_READLINK 1
#define HAVE_RAW_DECL_READLINKAT 1
#define HAVE_RAW_DECL_RMDIR 1
#define HAVE_RAW_DECL_SETHOSTNAME 1
#define HAVE_RAW_DECL_SLEEP 1
#define HAVE_RAW_DECL_SYMLINK 1
#define HAVE_RAW_DECL_SYMLINKAT 1
#define HAVE_RAW_DECL_TTYNAME_R 1
#define HAVE_RAW_DECL_UNLINK 1
#define HAVE_RAW_DECL_UNLINKAT 1
#define HAVE_RAW_DECL_USLEEP 1
#define HAVE_DLFCN_H 1
#define LT_OBJDIR ".libs/"
#define HAVE_SDL_SDL_H 1
#define HAVE_SDL_SDL_IMAGE_H 1
#define HAVE_SDL_SDL_TTF_H 1
#define HAVE_LIBGUILE_H 1
#define HAVE_MEMSET 1
#define HAVE_STRDUP 1
#define HAVE_CALLOC 1
#define HAVE_STDLIB_H 1
#define HAVE_MALLOC 1
#define HAVE_STDLIB_H 1
#define HAVE_REALLOC 1

configure: exit 0

## ---------------------- ##
## Running config.status. ##
## ---------------------- ##

This file was extended by config.status, which was
generated by GNU Autoconf 2.69.  Invocation command line was

  CONFIG_FILES    = 
  CONFIG_HEADERS  = 
  CONFIG_LINKS    = 
  CONFIG_COMMANDS = 
  $ ./config.status 

on sebastien-VirtualBox

config.status:1515: creating Makefile
config.status:1515: creating lib/Makefile
config.status:1515: creating scm/Makefile
config.status:1515: creating doc/Makefile
config.status:1515: creating images/Makefile
config.status:1515: creating src/Makefile
config.status:1515: creating conf/Makefile
config.status:1515: creating examples/Makefile
config.status:1515: creating config.h
config.status:1696: config.h is unchanged
config.status:1744: executing depfiles commands
config.status:1744: executing libtool commands

## ---------------------- ##
## Running config.status. ##
## ---------------------- ##

This file was extended by config.status, which was
generated by GNU Autoconf 2.69.  Invocation command line was

  CONFIG_FILES    = 
  CONFIG_HEADERS  = 
  CONFIG_LINKS    = 
  CONFIG_COMMANDS = 
  $ ./config.status config.h

on sebastien-VirtualBox

config.status:1515: creating config.h
config.status:1696: config.h is unchanged
